{"D:\\git-hub-project\\pomodoro-technique\\src\\components\\Sidebar\\index.vue": {"path":"D:\\git-hub-project\\pomodoro-technique\\src\\components\\Sidebar\\index.vue","statementMap":{"0":{"start":{"line":57,"column":0},"end":{"line":57,"column":null}},"1":{"start":{"line":58,"column":0},"end":{"line":58,"column":null}},"2":{"start":{"line":59,"column":0},"end":{"line":59,"column":null}},"3":{"start":{"line":60,"column":0},"end":{"line":60,"column":null}},"4":{"start":{"line":61,"column":0},"end":{"line":61,"column":null}},"5":{"start":{"line":62,"column":0},"end":{"line":62,"column":null}},"6":{"start":{"line":64,"column":15},"end":{"line":64,"column":null}},"7":{"start":{"line":72,"column":24},"end":{"line":72,"column":null}},"8":{"start":{"line":73,"column":21},"end":{"line":73,"column":25}},"9":{"start":{"line":75,"column":23},"end":{"line":75,"column":24}},"10":{"start":{"line":75,"column":35},"end":{"line":78,"column":7}},"11":{"start":{"line":76,"column":6},"end":{"line":76,"column":10}},"12":{"start":{"line":77,"column":6},"end":{"line":77,"column":13}},"13":{"start":{"line":80,"column":27},"end":{"line":80,"column":37}},"14":{"start":{"line":80,"column":36},"end":{"line":80,"column":37}},"15":{"start":{"line":82,"column":29},"end":{"line":82,"column":null}},"16":{"start":{"line":82,"column":39},"end":{"line":82,"column":null}},"17":{"start":{"line":84,"column":31},"end":{"line":84,"column":32}},"18":{"start":{"line":88,"column":4},"end":{"line":88,"column":11}}},"fnMap":{"0":{"name":"(anonymous_0)","decl":{"start":{"line":71,"column":2},"end":{"line":71,"column":7}},"loc":{"start":{"line":71,"column":10},"end":{"line":94,"column":null}}},"1":{"name":"(anonymous_1)","decl":{"start":{"line":75,"column":25},"end":{"line":75,"column":34}},"loc":{"start":{"line":75,"column":35},"end":{"line":78,"column":7}}},"2":{"name":"(anonymous_2)","decl":{"start":{"line":75,"column":35},"end":{"line":75,"column":44}},"loc":{"start":{"line":75,"column":44},"end":{"line":78,"column":7}}},"3":{"name":"(anonymous_3)","decl":{"start":{"line":80,"column":27},"end":{"line":80,"column":36}},"loc":{"start":{"line":80,"column":36},"end":{"line":80,"column":37}}},"4":{"name":"(anonymous_4)","decl":{"start":{"line":82,"column":29},"end":{"line":82,"column":39}},"loc":{"start":{"line":82,"column":39},"end":{"line":82,"column":null}}}},"branchMap":{"0":{"loc":{"start":{"line":82,"column":46},"end":{"line":82,"column":54}},"type":"cond-expr","locations":[{"start":{"line":82,"column":46},"end":{"line":82,"column":54}},{"start":{"line":82,"column":54},"end":{"line":82,"column":null}}]}},"s":{"0":1,"1":1,"2":1,"3":1,"4":1,"5":1,"6":1,"7":4,"8":4,"9":4,"10":4,"11":4,"12":4,"13":4,"14":56,"15":4,"16":28,"17":4,"18":4},"f":{"0":4,"1":4,"2":4,"3":56,"4":28},"b":{"0":[7,21]}}
,"D:\\git-hub-project\\pomodoro-technique\\src\\components\\Sidebar\\AnalyticsReport\\index.vue": {"path":"D:\\git-hub-project\\pomodoro-technique\\src\\components\\Sidebar\\AnalyticsReport\\index.vue","statementMap":{"0":{"start":{"line":12,"column":0},"end":{"line":12,"column":null}},"1":{"start":{"line":14,"column":15},"end":{"line":14,"column":null}}},"fnMap":{},"branchMap":{},"s":{"0":1,"1":1},"f":{},"b":{}}
,"D:\\git-hub-project\\pomodoro-technique\\src\\components\\Sidebar\\NewTask\\index.vue": {"path":"D:\\git-hub-project\\pomodoro-technique\\src\\components\\Sidebar\\NewTask\\index.vue","statementMap":{"0":{"start":{"line":12,"column":0},"end":{"line":12,"column":null}},"1":{"start":{"line":14,"column":15},"end":{"line":14,"column":null}}},"fnMap":{},"branchMap":{},"s":{"0":1,"1":1},"f":{},"b":{}}
,"D:\\git-hub-project\\pomodoro-technique\\src\\components\\Sidebar\\RingTone\\index.vue": {"path":"D:\\git-hub-project\\pomodoro-technique\\src\\components\\Sidebar\\RingTone\\index.vue","statementMap":{"0":{"start":{"line":12,"column":0},"end":{"line":12,"column":null}},"1":{"start":{"line":14,"column":15},"end":{"line":14,"column":null}}},"fnMap":{},"branchMap":{},"s":{"0":1,"1":1},"f":{},"b":{}}
,"D:\\git-hub-project\\pomodoro-technique\\src\\components\\Sidebar\\TaskLists\\index.vue": {"path":"D:\\git-hub-project\\pomodoro-technique\\src\\components\\Sidebar\\TaskLists\\index.vue","statementMap":{"0":{"start":{"line":12,"column":0},"end":{"line":12,"column":null}},"1":{"start":{"line":14,"column":15},"end":{"line":14,"column":null}}},"fnMap":{},"branchMap":{},"s":{"0":1,"1":1},"f":{},"b":{}}
,"D:\\git-hub-project\\pomodoro-technique\\src\\router\\index.js": {"path":"D:\\git-hub-project\\pomodoro-technique\\src\\router\\index.js","statementMap":{"0":{"start":{"line":4,"column":15},"end":{"line":6,"column":1}},"1":{"start":{"line":8,"column":15},"end":{"line":11,"column":2}}},"fnMap":{},"branchMap":{},"s":{"0":0,"1":0},"f":{},"b":{},"hash":"820500cd01f6170820271912d0a45daed24fcc0c"}
,"D:\\git-hub-project\\pomodoro-technique\\src\\router\\modules\\index\\index.js": {"path":"D:\\git-hub-project\\pomodoro-technique\\src\\router\\modules\\index\\index.js","statementMap":{"0":{"start":{"line":3,"column":14},"end":{"line":10,"column":1}},"1":{"start":{"line":6,"column":19},"end":{"line":6,"column":42}}},"fnMap":{"0":{"name":"(anonymous_0)","decl":{"start":{"line":6,"column":13},"end":{"line":6,"column":14}},"loc":{"start":{"line":6,"column":19},"end":{"line":6,"column":42}},"line":6}},"branchMap":{},"s":{"0":0,"1":0},"f":{"0":0},"b":{},"hash":"faa105e44277bc7a74f1e43d3b913f1a4b1a6325"}
,"D:\\git-hub-project\\pomodoro-technique\\src\\views\\index\\index.vue": {"path":"D:\\git-hub-project\\pomodoro-technique\\src\\views\\index\\index.vue","statementMap":{"0":{"start":{"line":8,"column":0},"end":{"line":8,"column":null}},"1":{"start":{"line":10,"column":15},"end":{"line":10,"column":null}}},"fnMap":{},"branchMap":{},"s":{"0":0,"1":0},"f":{},"b":{}}
}
