TN:
SF:D:\git-hub-project\pomodoro-technique\src\components\Sidebar\index.vue
FN:71,(anonymous_0)
FN:75,(anonymous_1)
FN:75,(anonymous_2)
FN:80,(anonymous_3)
FN:82,(anonymous_4)
FNF:5
FNH:5
FNDA:4,(anonymous_0)
FNDA:4,(anonymous_1)
FNDA:4,(anonymous_2)
FNDA:56,(anonymous_3)
FNDA:28,(anonymous_4)
DA:57,1
DA:58,1
DA:59,1
DA:60,1
DA:61,1
DA:62,1
DA:64,1
DA:72,4
DA:73,4
DA:75,4
DA:76,4
DA:77,4
DA:80,56
DA:82,28
DA:84,4
DA:88,4
LF:16
LH:16
BRDA:82,0,0,7
BRDA:82,0,1,21
BRF:2
BRH:2
end_of_record
TN:
SF:D:\git-hub-project\pomodoro-technique\src\components\Sidebar\AnalyticsReport\index.vue
FNF:0
FNH:0
DA:12,1
DA:14,1
LF:2
LH:2
BRF:0
BRH:0
end_of_record
TN:
SF:D:\git-hub-project\pomodoro-technique\src\components\Sidebar\NewTask\index.vue
FNF:0
FNH:0
DA:12,1
DA:14,1
LF:2
LH:2
BRF:0
BRH:0
end_of_record
TN:
SF:D:\git-hub-project\pomodoro-technique\src\components\Sidebar\RingTone\index.vue
FNF:0
FNH:0
DA:12,1
DA:14,1
LF:2
LH:2
BRF:0
BRH:0
end_of_record
TN:
SF:D:\git-hub-project\pomodoro-technique\src\components\Sidebar\TaskLists\index.vue
FNF:0
FNH:0
DA:12,1
DA:14,1
LF:2
LH:2
BRF:0
BRH:0
end_of_record
TN:
SF:D:\git-hub-project\pomodoro-technique\src\router\index.js
FNF:0
FNH:0
DA:4,0
DA:8,0
LF:2
LH:0
BRF:0
BRH:0
end_of_record
TN:
SF:D:\git-hub-project\pomodoro-technique\src\router\modules\index\index.js
FN:6,(anonymous_0)
FNF:1
FNH:0
FNDA:0,(anonymous_0)
DA:3,0
DA:6,0
LF:2
LH:0
BRF:0
BRH:0
end_of_record
TN:
SF:D:\git-hub-project\pomodoro-technique\src\views\index\index.vue
FNF:0
FNH:0
DA:8,0
DA:10,0
LF:2
LH:0
BRF:0
BRH:0
end_of_record
